Flow report for fpga_design
Tue Apr 15 13:37:38 2025
Quartus Prime Version 20.1.1 Build 720 11/11/2020 SJ Lite Edition


---------------------
; Table of Contents ;
---------------------
  1. Legal Notice
  2. Flow Summary
  3. Flow Settings
  4. Flow Non-Default Global Settings
  5. Flow Elapsed Time
  6. Flow OS Summary
  7. Flow Log
  8. Flow Messages
  9. Flow Suppressed Messages



----------------
; Legal Notice ;
----------------
Copyright (C) 2020  Intel Corporation. All rights reserved.
Your use of Intel Corporation's design tools, logic functions 
and other software and tools, and any partner logic 
functions, and any output files from any of the foregoing 
(including device programming or simulation files), and any 
associated documentation or information are expressly subject 
to the terms and conditions of the Intel Program License 
Subscription Agreement, the Intel Quartus Prime License Agreement,
the Intel FPGA IP License Agreement, or other applicable license
agreement, including, without limitation, that your use is for
the sole purpose of programming logic devices manufactured by
Intel and sold by Intel or its authorized distributors.  Please
refer to the applicable agreement for further details, at
https://fpgasoftware.intel.com/eula.



+-------------------------------------------------------------------------------+
; Flow Summary                                                                  ;
+---------------------------------+---------------------------------------------+
; Flow Status                     ; Successful - Tue Apr 15 13:37:38 2025       ;
; Quartus Prime Version           ; 20.1.1 Build 720 11/11/2020 SJ Lite Edition ;
; Revision Name                   ; fpga_design                                 ;
; Top-level Entity Name           ; cnn_top                                     ;
; Family                          ; Cyclone V                                   ;
; Device                          ; 5CSEMA5F31C6                                ;
; Timing Models                   ; Final                                       ;
; Logic utilization (in ALMs)     ; N/A                                         ;
; Total registers                 ; 16610                                       ;
; Total pins                      ; 18                                          ;
; Total virtual pins              ; 0                                           ;
; Total block memory bits         ; 3,621,888                                   ;
; Total DSP Blocks                ; 91                                          ;
; Total HSSI RX PCSs              ; 0                                           ;
; Total HSSI PMA RX Deserializers ; 0                                           ;
; Total HSSI TX PCSs              ; 0                                           ;
; Total HSSI PMA TX Serializers   ; 0                                           ;
; Total PLLs                      ; 0                                           ;
; Total DLLs                      ; 0                                           ;
+---------------------------------+---------------------------------------------+


+-----------------------------------------+
; Flow Settings                           ;
+-------------------+---------------------+
; Option            ; Setting             ;
+-------------------+---------------------+
; Start date & time ; 04/15/2025 13:37:04 ;
; Main task         ; Compilation         ;
; Revision Name     ; fpga_design         ;
+-------------------+---------------------+


+--------------------------------------------------------------------------------------------------------------------------------------------------------------------+
; Flow Non-Default Global Settings                                                                                                                                   ;
+--------------------------------------------------------+--------------------------------------------------+---------------+-------------+--------------------------+
; Assignment Name                                        ; Value                                            ; Default Value ; Entity Name ; Section Id               ;
+--------------------------------------------------------+--------------------------------------------------+---------------+-------------+--------------------------+
; AUTO_RESOURCE_SHARING                                  ; On                                               ; Off           ; --          ; --                       ;
; BLOCK_RAM_AND_MLAB_EQUIVALENT_PAUSED_READ_CAPABILITIES ; Dont Care                                        ; Care          ; --          ; --                       ;
; COMPILER_SIGNATURE_ID                                  ; 22730590885911.174473502438315                   ; --            ; --          ; --                       ;
; EDA_OUTPUT_DATA_FORMAT                                 ; Verilog Hdl                                      ; --            ; --          ; eda_simulation           ;
; EDA_SIMULATION_TOOL                                    ; ModelSim-Altera (Verilog)                        ; <None>        ; --          ; --                       ;
; EDA_TIME_SCALE                                         ; 1 ps                                             ; --            ; --          ; eda_simulation           ;
; HDL_MESSAGE_LEVEL                                      ; Level3                                           ; Level2        ; --          ; --                       ;
; INFER_RAMS_FROM_RAW_LOGIC                              ; Off                                              ; On            ; --          ; --                       ;
; MAX_CORE_JUNCTION_TEMP                                 ; 85                                               ; --            ; --          ; --                       ;
; MIN_CORE_JUNCTION_TEMP                                 ; 0                                                ; --            ; --          ; --                       ;
; MISC_FILE                                              ; generic_ram_inst.vhd                             ; --            ; --          ; --                       ;
; MISC_FILE                                              ; generic_ram.cmp                                  ; --            ; --          ; --                       ;
; MISC_FILE                                              ; image_chanel.cmp                                 ; --            ; --          ; --                       ;
; MISC_FILE                                              ; conv1_bias.cmp                                   ; --            ; --          ; --                       ;
; MISC_FILE                                              ; conv1_weights.cmp                                ; --            ; --          ; --                       ;
; NUM_PARALLEL_PROCESSORS                                ; All                                              ; --            ; --          ; --                       ;
; PARTITION_COLOR                                        ; -- (Not supported for targeted family)           ; --            ; cnn_top     ; Top                      ;
; PARTITION_FITTER_PRESERVATION_LEVEL                    ; -- (Not supported for targeted family)           ; --            ; cnn_top     ; Top                      ;
; PARTITION_NETLIST_TYPE                                 ; -- (Not supported for targeted family)           ; --            ; cnn_top     ; Top                      ;
; POWER_BOARD_THERMAL_MODEL                              ; None (CONSERVATIVE)                              ; --            ; --          ; --                       ;
; POWER_DEFAULT_INPUT_IO_TOGGLE_RATE                     ; 12.5 %                                           ; 12.5%         ; --          ; --                       ;
; POWER_INPUT_FILE_NAME                                  ; ../resultados/simulacao/Y_simulacao_completa.vcd ; --            ; cnn_top     ; y_simulacao_completa.vcd ;
; POWER_PRESET_COOLING_SOLUTION                          ; 23 MM HEAT SINK WITH 200 LFPM AIRFLOW            ; --            ; --          ; --                       ;
; POWER_USE_INPUT_FILES                                  ; On                                               ; Off           ; --          ; --                       ;
; POWER_VCD_FILE_END_TIME                                ; 460000 ns                                        ; --            ; cnn_top     ; y_simulacao_completa.vcd ;
; POWER_VCD_FILE_START_TIME                              ; 0 ns                                             ; --            ; cnn_top     ; y_simulacao_completa.vcd ;
; POWER_VCD_FILTER_GLITCHES                              ; Off                                              ; On            ; --          ; --                       ;
; PROJECT_OUTPUT_DIRECTORY                               ; output_files                                     ; --            ; --          ; --                       ;
; REMOVE_REDUNDANT_LOGIC_CELLS                           ; On                                               ; Off           ; --          ; --                       ;
; SAVE_DISK_SPACE                                        ; Off                                              ; On            ; --          ; --                       ;
; SMART_RECOMPILE                                        ; On                                               ; Off           ; --          ; --                       ;
; SYNTH_MESSAGE_LEVEL                                    ; High                                             ; Medium        ; --          ; --                       ;
; TOP_LEVEL_ENTITY                                       ; cnn_top                                          ; fpga_design   ; --          ; --                       ;
; VHDL_INPUT_VERSION                                     ; VHDL_2008                                        ; VHDL_1993     ; --          ; --                       ;
; VHDL_SHOW_LMF_MAPPING_MESSAGES                         ; Off                                              ; --            ; --          ; --                       ;
+--------------------------------------------------------+--------------------------------------------------+---------------+-------------+--------------------------+


+--------------------------------------------------------------------------------------------------------------------------+
; Flow Elapsed Time                                                                                                        ;
+----------------------+--------------+-------------------------+---------------------+------------------------------------+
; Module Name          ; Elapsed Time ; Average Processors Used ; Peak Virtual Memory ; Total CPU Time (on all processors) ;
+----------------------+--------------+-------------------------+---------------------+------------------------------------+
; Analysis & Synthesis ; 00:00:30     ; 3.8                     ; 1091 MB             ; 00:01:32                           ;
; Total                ; 00:00:30     ; --                      ; --                  ; 00:01:32                           ;
+----------------------+--------------+-------------------------+---------------------+------------------------------------+


+-----------------------------------------------------------------------------------------+
; Flow OS Summary                                                                         ;
+----------------------+-------------------+----------------+------------+----------------+
; Module Name          ; Machine Hostname  ; OS Name        ; OS Version ; Processor type ;
+----------------------+-------------------+----------------+------------+----------------+
; Analysis & Synthesis ; leds-inspiron3020 ; Ubuntu 24.04.2 ; 24         ; x86_64         ;
+----------------------+-------------------+----------------+------------+----------------+


------------
; Flow Log ;
------------
quartus_map --read_settings_files=on --write_settings_files=off fpga_design -c fpga_design



